<?xml version="1.0" encoding="UTF-8"?>
<robot generator="Robot 7.0 (Python 3.12.2 on win32)" generated="2025-05-17T12:15:51.679589" rpa="false" schemaversion="5">
<suite id="s1" name="FirstTest" source="E:\RobotFrameworkPrograms\Tests\FirstTest.robot">
<test id="s1-t1" name="Launching the browser" line="48">
<kw name="Open the browser">
<kw name="Open Browser" owner="SeleniumLibrary">
<msg time="2025-05-17T12:15:51.960941" level="INFO">Opening browser 'headlesschrome' to base url 'https://demoqa.com/buttons'.</msg>
<arg>${url}</arg>
<arg>${browser}</arg>
<doc>Opens a new browser instance to the optional ``url``.</doc>
<status status="PASS" start="2025-05-17T12:15:51.960941" elapsed="5.971432"/>
</kw>
<kw name="Maximize Browser Window" owner="SeleniumLibrary">
<doc>Maximizes current browser window.</doc>
<status status="PASS" start="2025-05-17T12:15:57.933371" elapsed="0.063001"/>
</kw>
<status status="PASS" start="2025-05-17T12:15:51.959940" elapsed="6.037434"/>
</kw>
<status status="PASS" start="2025-05-17T12:15:51.958948" elapsed="6.039441"/>
</test>
<test id="s1-t2" name="Mouse actions" line="51">
<kw name="Mouse Over" owner="SeleniumLibrary">
<msg time="2025-05-17T12:15:58.008373" level="INFO">Simulating Mouse Over on element 'id=doubleClickBtn'.</msg>
<arg>id=doubleClickBtn</arg>
<doc>Simulates hovering the mouse over the element ``locator``.</doc>
<status status="PASS" start="2025-05-17T12:15:58.006372" elapsed="0.381009"/>
</kw>
<kw name="Sleep" owner="BuiltIn">
<msg time="2025-05-17T12:16:00.389151" level="INFO">Slept 2 seconds.</msg>
<arg>2s</arg>
<doc>Pauses the test executed for the given time.</doc>
<status status="PASS" start="2025-05-17T12:15:58.388374" elapsed="2.001299"/>
</kw>
<kw name="Double Click Element" owner="SeleniumLibrary">
<msg time="2025-05-17T12:16:00.390661" level="INFO">Double clicking element 'id=doubleClickBtn'.</msg>
<arg>id=doubleClickBtn</arg>
<doc>Double clicks the element identified by ``locator``.</doc>
<status status="PASS" start="2025-05-17T12:16:00.389673" elapsed="0.328608"/>
</kw>
<kw name="Sleep" owner="BuiltIn">
<msg time="2025-05-17T12:16:02.721084" level="INFO">Slept 2 seconds.</msg>
<arg>2s</arg>
<doc>Pauses the test executed for the given time.</doc>
<status status="PASS" start="2025-05-17T12:16:00.719290" elapsed="2.002795"/>
</kw>
<kw name="Open Context Menu" owner="SeleniumLibrary">
<arg>id=rightClickBtn</arg>
<doc>Opens the context menu on the element identified by ``locator``.</doc>
<status status="PASS" start="2025-05-17T12:16:02.723096" elapsed="0.288986"/>
</kw>
<kw name="Sleep" owner="BuiltIn">
<msg time="2025-05-17T12:16:08.012481" level="INFO">Slept 5 seconds.</msg>
<arg>5s</arg>
<doc>Pauses the test executed for the given time.</doc>
<status status="PASS" start="2025-05-17T12:16:03.012082" elapsed="5.000399"/>
</kw>
<kw name="Go To" owner="SeleniumLibrary">
<msg time="2025-05-17T12:16:08.012481" level="INFO">Opening url 'https://demoqa.com/droppable'</msg>
<arg>https://demoqa.com/droppable</arg>
<doc>Navigates the current browser window to the provided ``url``.</doc>
<status status="PASS" start="2025-05-17T12:16:08.012481" elapsed="2.793097"/>
</kw>
<kw name="Drag And Drop" owner="SeleniumLibrary">
<arg>id=draggable</arg>
<arg>id=droppable</arg>
<doc>Drags the element identified by ``locator`` into the ``target`` element.</doc>
<status status="PASS" start="2025-05-17T12:16:10.805578" elapsed="0.793884"/>
</kw>
<kw name="Sleep" owner="BuiltIn">
<msg time="2025-05-17T12:16:13.602484" level="INFO">Slept 2 seconds.</msg>
<arg>2s</arg>
<doc>Pauses the test executed for the given time.</doc>
<status status="PASS" start="2025-05-17T12:16:11.600468" elapsed="2.002016"/>
</kw>
<status status="PASS" start="2025-05-17T12:15:58.002372" elapsed="15.601118"/>
</test>
<test id="s1-t3" name="Closing the browser" line="62">
<kw name="Close All Browsers" owner="SeleniumLibrary">
<doc>Closes all open browsers and resets the browser cache.</doc>
<status status="PASS" start="2025-05-17T12:16:13.604487" elapsed="6.493224"/>
</kw>
<status status="PASS" start="2025-05-17T12:16:13.604487" elapsed="6.493224"/>
</test>
<status status="PASS" start="2025-05-17T12:15:51.681585" elapsed="28.417126"/>
</suite>
<statistics>
<total>
<stat pass="3" fail="0" skip="0">All Tests</stat>
</total>
<tag>
</tag>
<suite>
<stat pass="3" fail="0" skip="0" id="s1" name="FirstTest">FirstTest</stat>
</suite>
</statistics>
<errors>
</errors>
</robot>
