<?xml version="1.0" encoding="UTF-8"?>
<robot generator="Robot 7.0 (Python 3.12.2 on win32)" generated="2025-05-17T11:08:25.840830" rpa="false" schemaversion="5">
<suite id="s1" name="FirstTest" source="E:\RobotFrameworkPrograms\Tests\FirstTest.robot">
<test id="s1-t1" name="Launching the browser" line="48">
<kw name="Open the browser">
<kw name="Open Browser" owner="SeleniumLibrary">
<msg time="2025-05-17T11:08:27.420876" level="INFO">Opening browser 'headlesschrome' to base url 'https://demoqa.com/buttons'.</msg>
<arg>${url}</arg>
<arg>${browser}</arg>
<doc>Opens a new browser instance to the optional ``url``.</doc>
<status status="PASS" start="2025-05-17T11:08:27.420876" elapsed="9.876778"/>
</kw>
<kw name="Maximize Browser Window" owner="SeleniumLibrary">
<doc>Maximizes current browser window.</doc>
<status status="PASS" start="2025-05-17T11:08:37.298664" elapsed="0.025989"/>
</kw>
<status status="PASS" start="2025-05-17T11:08:27.419791" elapsed="9.904862"/>
</kw>
<status status="PASS" start="2025-05-17T11:08:27.419791" elapsed="9.906863"/>
</test>
<test id="s1-t2" name="Mouse actions" line="51">
<kw name="Mouse Over" owner="SeleniumLibrary">
<msg time="2025-05-17T11:08:37.328654" level="INFO">Simulating Mouse Over on element 'id=doubleClickBtn'.</msg>
<arg>id=doubleClickBtn</arg>
<doc>Simulates hovering the mouse over the element ``locator``.</doc>
<status status="PASS" start="2025-05-17T11:08:37.327655" elapsed="0.302651"/>
</kw>
<kw name="Sleep" owner="BuiltIn">
<msg time="2025-05-17T11:08:39.713433" level="INFO">Slept 2 seconds.</msg>
<arg>2s</arg>
<doc>Pauses the test executed for the given time.</doc>
<status status="PASS" start="2025-05-17T11:08:37.630306" elapsed="2.083127"/>
</kw>
<kw name="Double Click Element" owner="SeleniumLibrary">
<msg time="2025-05-17T11:08:39.714432" level="INFO">Double clicking element 'id=doubleClickBtn'.</msg>
<arg>id=doubleClickBtn</arg>
<doc>Double clicks the element identified by ``locator``.</doc>
<status status="PASS" start="2025-05-17T11:08:39.714432" elapsed="0.300218"/>
</kw>
<kw name="Sleep" owner="BuiltIn">
<msg time="2025-05-17T11:08:42.016715" level="INFO">Slept 2 seconds.</msg>
<arg>2s</arg>
<doc>Pauses the test executed for the given time.</doc>
<status status="PASS" start="2025-05-17T11:08:40.015646" elapsed="2.001069"/>
</kw>
<kw name="Open Context Menu" owner="SeleniumLibrary">
<arg>id=rightClickBtn</arg>
<doc>Opens the context menu on the element identified by ``locator``.</doc>
<status status="PASS" start="2025-05-17T11:08:42.016715" elapsed="0.286001"/>
</kw>
<kw name="Sleep" owner="BuiltIn">
<msg time="2025-05-17T11:08:47.303882" level="INFO">Slept 5 seconds.</msg>
<arg>5s</arg>
<doc>Pauses the test executed for the given time.</doc>
<status status="PASS" start="2025-05-17T11:08:42.303716" elapsed="5.000166"/>
</kw>
<kw name="Go To" owner="SeleniumLibrary">
<msg time="2025-05-17T11:08:47.304774" level="INFO">Opening url 'https://demoqa.com/droppable'</msg>
<arg>https://demoqa.com/droppable</arg>
<doc>Navigates the current browser window to the provided ``url``.</doc>
<status status="PASS" start="2025-05-17T11:08:47.304774" elapsed="2.232758"/>
</kw>
<kw name="Drag And Drop" owner="SeleniumLibrary">
<arg>id=draggable</arg>
<arg>id=droppable</arg>
<doc>Drags the element identified by ``locator`` into the ``target`` element.</doc>
<status status="PASS" start="2025-05-17T11:08:49.538532" elapsed="0.741999"/>
</kw>
<kw name="Sleep" owner="BuiltIn">
<msg time="2025-05-17T11:08:52.282287" level="INFO">Slept 2 seconds.</msg>
<arg>2s</arg>
<doc>Pauses the test executed for the given time.</doc>
<status status="PASS" start="2025-05-17T11:08:50.281530" elapsed="2.000757"/>
</kw>
<status status="PASS" start="2025-05-17T11:08:37.327655" elapsed="14.955544"/>
</test>
<test id="s1-t3" name="Closing the browser" line="62">
<kw name="Close All Browsers" owner="SeleniumLibrary">
<doc>Closes all open browsers and resets the browser cache.</doc>
<status status="PASS" start="2025-05-17T11:08:52.285196" elapsed="6.620530"/>
</kw>
<status status="PASS" start="2025-05-17T11:08:52.284198" elapsed="6.622527"/>
</test>
<status status="PASS" start="2025-05-17T11:08:25.842724" elapsed="33.065000"/>
</suite>
<statistics>
<total>
<stat pass="3" fail="0" skip="0">All Tests</stat>
</total>
<tag>
</tag>
<suite>
<stat pass="3" fail="0" skip="0" id="s1" name="FirstTest">FirstTest</stat>
</suite>
</statistics>
<errors>
</errors>
</robot>
