<?xml version="1.0" encoding="UTF-8"?>
<robot generator="Robot 7.0 (Python 3.12.2 on win32)" generated="2025-05-15T15:08:26.840802" rpa="false" schemaversion="5">
<suite id="s1" name="FirstTest" source="E:\RobotFrameworkPrograms\Tests\FirstTest.robot">
<test id="s1-t1" name="Handling multiple windows" line="51">
<kw name="Capture Page Screenshot" owner="SeleniumLibrary">
<msg time="2025-05-15T15:08:27.238570" level="INFO">Cannot capture screenshot because no browser is open.</msg>
<arg>ss1.png</arg>
<doc>Takes a screenshot of the current page and embeds it into a log file.</doc>
<status status="PASS" start="2025-05-15T15:08:27.233570" elapsed="0.014805"/>
</kw>
<kw name="Capture Element Screenshot" owner="SeleniumLibrary">
<msg time="2025-05-15T15:08:27.253398" level="INFO">Cannot capture screenshot from element because no browser is open.</msg>
<arg>xpath=//h1[text()='Frames']</arg>
<arg>ss2.png</arg>
<doc>Captures a screenshot from the element identified by ``locator`` and embeds it into log file.</doc>
<status status="PASS" start="2025-05-15T15:08:27.249369" elapsed="0.004029"/>
</kw>
<kw name="Steps for handling frames">
<kw name="Select Frame" owner="SeleniumLibrary">
<msg time="2025-05-15T15:08:27.256464" level="INFO">Selecting frame 'id=frame1'.</msg>
<msg time="2025-05-15T15:08:27.256464" level="INFO">Cannot capture screenshot because no browser is open.</msg>
<msg time="2025-05-15T15:08:27.257438" level="FAIL">No browser is open.</msg>
<arg>id=frame1</arg>
<doc>Sets frame identified by ``locator`` as the current frame.</doc>
<status status="FAIL" start="2025-05-15T15:08:27.255374" elapsed="0.067105">No browser is open.</status>
</kw>
<kw name="Get Text" owner="SeleniumLibrary">
<var>${msg}</var>
<arg>id=sampleHeading</arg>
<doc>Returns the text value of the element identified by ``locator``.</doc>
<status status="NOT RUN" start="2025-05-15T15:08:27.323481" elapsed="0.000000"/>
</kw>
<kw name="Log" owner="BuiltIn">
<arg>${msg}</arg>
<doc>Logs the given message with the given level.</doc>
<status status="NOT RUN" start="2025-05-15T15:08:27.324479" elapsed="0.000000"/>
</kw>
<kw name="Unselect Frame" owner="SeleniumLibrary">
<doc>Sets the main frame as the current frame.</doc>
<status status="NOT RUN" start="2025-05-15T15:08:27.324479" elapsed="0.001002"/>
</kw>
<status status="FAIL" start="2025-05-15T15:08:27.255374" elapsed="0.070107">No browser is open.</status>
</kw>
<status status="FAIL" start="2025-05-15T15:08:27.228569" elapsed="0.097909">No browser is open.</status>
</test>
<status status="FAIL" start="2025-05-15T15:08:26.844332" elapsed="0.483226"/>
</suite>
<statistics>
<total>
<stat pass="0" fail="1" skip="0">All Tests</stat>
</total>
<tag>
</tag>
<suite>
<stat pass="0" fail="1" skip="0" id="s1" name="FirstTest">FirstTest</stat>
</suite>
</statistics>
<errors>
</errors>
</robot>
